<?xml version="1.0" encoding="UTF-8"?>
<!-- Generated by org.testng.reporters.JUnitReportReporter -->
<testsuite hostname="DESKTOP-8F9QOOU" failures="0" tests="1" name="com.practice.project.Make_My_Trip" time="14.128" errors="0" timestamp="2023-01-20T16:11:33 IST" skipped="0">
  <testcase classname="com.practice.project.Make_My_Trip" name="test" time="14.128"/>
  <system-out/>
</testsuite> <!-- com.practice.project.Make_My_Trip -->
