<?xml version="1.0" encoding="UTF-8"?>
<!-- Generated by org.testng.reporters.JUnitReportReporter -->
<testsuite hostname="DESKTOP-8F9QOOU" failures="0" tests="1" name="com.practice.project.Amazon" time="25.501" errors="0" timestamp="2023-01-23T15:55:19 IST" skipped="0">
  <testcase classname="com.practice.project.Amazon" name="testAmazon" time="25.501"/>
  <system-out/>
</testsuite> <!-- com.practice.project.Amazon -->
