<?xml version="1.0" encoding="UTF-8"?>
<!-- Generated by org.testng.reporters.JUnitReportReporter -->
<testsuite hostname="DESKTOP-8F9QOOU" failures="0" tests="1" name="practice.Multiple_Tab" time="12.808" errors="0" timestamp="2023-02-20T11:25:09 IST" skipped="0">
  <testcase classname="practice.Multiple_Tab" name="test" time="12.808"/>
  <system-out/>
</testsuite> <!-- practice.Multiple_Tab -->
