<?xml version="1.0" encoding="UTF-8"?>
<!-- Generated by org.testng.reporters.JUnitReportReporter -->
<testsuite hostname="DESKTOP-8F9QOOU" failures="0" tests="1" name="com.practice.project.Test_Color_FontSize" time="13.292" errors="0" timestamp="2023-01-21T08:37:54 IST" skipped="0">
  <testcase classname="com.practice.project.Test_Color_FontSize" name="test" time="13.292"/>
  <system-out/>
</testsuite> <!-- com.practice.project.Test_Color_FontSize -->
