<?xml version="1.0" encoding="UTF-8"?>
<!-- Generated by org.testng.reporters.JUnitReportReporter -->
<testsuite hostname="DESKTOP-8F9QOOU" failures="0" tests="3" name="com.practice.project.Jupiter" time="60.677" errors="0" timestamp="2023-02-08T15:42:11 IST" skipped="0">
  <testcase classname="com.practice.project.Jupiter" name="test" time="14.796"/>
  <system-out/>
  <testcase classname="com.practice.project.Jupiter" name="test1" time="19.947"/>
  <system-out/>
  <testcase classname="com.practice.project.Jupiter" name="test2" time="25.934"/>
  <system-out/>
</testsuite> <!-- com.practice.project.Jupiter -->
