<?xml version="1.0" encoding="UTF-8"?>
<!-- Generated by org.testng.reporters.JUnitReportReporter -->
<testsuite hostname="DESKTOP-8F9QOOU" failures="0" tests="1" name="com.practice.project.Flipkart" time="22.321" errors="0" timestamp="2023-01-23T15:04:13 IST" skipped="0">
  <testcase classname="com.practice.project.Flipkart" name="test" time="22.321"/>
  <system-out/>
</testsuite> <!-- com.practice.project.Flipkart -->
