<?xml version="1.0" encoding="UTF-8"?>
<!-- Generated by org.testng.reporters.JUnitReportReporter -->
<testsuite hostname="DESKTOP-8F9QOOU" failures="0" tests="1" name="com.practice.project.Amazon_FlipKart" time="19.293" errors="0" timestamp="2023-02-16T13:11:43 IST" skipped="0">
  <testcase classname="com.practice.project.Amazon_FlipKart" name="test" time="19.293"/>
  <system-out/>
</testsuite> <!-- com.practice.project.Amazon_FlipKart -->
