<?xml version="1.0" encoding="UTF-8"?>
<!-- Generated by org.testng.reporters.JUnitReportReporter -->
<testsuite hostname="DESKTOP-8F9QOOU" failures="0" tests="1" name="com.practice.project.Pass_Data_In_Excel" time="18.902" errors="0" timestamp="2023-02-18T11:08:44 IST" skipped="0">
  <testcase classname="com.practice.project.Pass_Data_In_Excel" name="test" time="18.902"/>
  <system-out/>
</testsuite> <!-- com.practice.project.Pass_Data_In_Excel -->
