<?xml version="1.0" encoding="UTF-8"?>
<!-- Generated by org.testng.reporters.JUnitReportReporter -->
<testsuite hostname="DESKTOP-8F9QOOU" failures="0" tests="1" name="practice.For_Multiple_tab" time="15.398" errors="0" timestamp="2023-03-13T15:58:20 IST" skipped="0">
  <testcase classname="practice.For_Multiple_tab" name="test" time="15.398"/>
  <system-out/>
</testsuite> <!-- practice.For_Multiple_tab -->
