<?xml version="1.0" encoding="UTF-8"?>
<!-- Generated by org.testng.reporters.JUnitReportReporter -->
<testsuite hostname="DESKTOP-8F9QOOU" failures="0" tests="1" name="practice.Clinique_Test_Script" time="57.251" errors="0" timestamp="2023-03-20T12:41:40 IST" skipped="0">
  <testcase classname="practice.Clinique_Test_Script" name="test" time="57.251"/>
  <system-out/>
</testsuite> <!-- practice.Clinique_Test_Script -->
