<?xml version="1.0" encoding="UTF-8"?>
<!-- Generated by org.testng.reporters.JUnitReportReporter -->
<testsuite hostname="DESKTOP-8F9QOOU" failures="0" tests="1" name="practice.Yahoo" time="9.338" errors="0" timestamp="2023-03-20T13:03:33 IST" skipped="0">
  <testcase classname="practice.Yahoo" name="test" time="9.338"/>
  <system-out/>
</testsuite> <!-- practice.Yahoo -->
