<?xml version="1.0" encoding="UTF-8"?>
<!-- Generated by org.testng.reporters.JUnitReportReporter -->
<testsuite hostname="DESKTOP-8F9QOOU" failures="0" tests="1" name="practice.Test_Senarios" time="10.148" errors="0" timestamp="2023-02-22T16:20:57 IST" skipped="0">
  <testcase classname="practice.Test_Senarios" name="test" time="10.148"/>
  <system-out/>
</testsuite> <!-- practice.Test_Senarios -->
