<?xml version="1.0" encoding="UTF-8"?>
<!-- Generated by org.testng.reporters.JUnitReportReporter -->
<testsuite hostname="DESKTOP-8F9QOOU" failures="0" tests="1" name="practice.Automation_Book_Store" time="8.477" errors="0" timestamp="2023-03-14T17:34:44 IST" skipped="0">
  <testcase classname="practice.Automation_Book_Store" name="test" time="8.477"/>
  <system-out/>
</testsuite> <!-- practice.Automation_Book_Store -->
