<?xml version="1.0" encoding="UTF-8"?>
<!-- Generated by org.testng.reporters.JUnitReportReporter -->
<testsuite hostname="DESKTOP-8F9QOOU" failures="0" tests="1" name="com.crm.campaign.Create_Campaign" time="14.124" errors="0" timestamp="2023-01-17T17:41:21 IST" skipped="0">
  <testcase classname="com.crm.campaign.Create_Campaign" name="Create_Campaign_Test" time="14.124"/>
  <system-out/>
</testsuite> <!-- com.crm.campaign.Create_Campaign -->
